<?xml version="1.0" encoding="UTF-8"?>
<testsuites name="jest tests" tests="2" failures="0" errors="0" time="9.498">
  <testsuite name="tools" errors="0" failures="0" skipped="0" timestamp="2025-02-15T20:05:19" time="0.211" tests="2">
    <testcase classname="tools should execute a command and return the output" name="tools should execute a command and return the output" time="0.033">
    </testcase>
    <testcase classname="tools should handle errors when executing a command" name="tools should handle errors when executing a command" time="0.034">
    </testcase>
  </testsuite>
</testsuites>