<?xml version="1.0" encoding="UTF-8"?>
<testsuites name="jest tests" tests="10" failures="2" errors="0" time="3.674">
  <testsuite name="LLM Providers" errors="0" failures="2" skipped="0" timestamp="2025-02-15T21:53:45" time="3.572" tests="10">
    <testcase classname="LLM Providers MistralProvider should make request with correct parameters" name="LLM Providers MistralProvider should make request with correct parameters" time="0.763">
      <failure>Error: Mistral API error: Unauthorized
    at C:\dev\apptoapp\src\llm\providers.js:71:15
    at processTicksAndRejections (node:internal/process/task_queues:95:5)
    at retryWithBackoff (C:\dev\apptoapp\src\llm\providers.js:13:14)
    at Object.&lt;anonymous&gt; (C:\dev\apptoapp\src\test\providers.test.js:53:7)</failure>
    </testcase>
    <testcase classname="LLM Providers MistralProvider should handle API errors" name="LLM Providers MistralProvider should handle API errors" time="0.766">
    </testcase>
    <testcase classname="LLM Providers CopilotClaudeProvider should make request with correct parameters" name="LLM Providers CopilotClaudeProvider should make request with correct parameters" time="0.985">
      <failure>Error: Copilot-Claude API error: Bad Request
    at C:\dev\apptoapp\src\llm\providers.js:139:17
    at processTicksAndRejections (node:internal/process/task_queues:95:5)
    at retryWithBackoff (C:\dev\apptoapp\src\llm\providers.js:13:14)
    at Object.&lt;anonymous&gt; (C:\dev\apptoapp\src\test\providers.test.js:102:7)</failure>
    </testcase>
    <testcase classname="LLM Providers CopilotClaudeProvider should handle API errors" name="LLM Providers CopilotClaudeProvider should handle API errors" time="0.304">
    </testcase>
    <testcase classname="LLM Providers CopilotClaudeProvider should throw error for empty messages array" name="LLM Providers CopilotClaudeProvider should throw error for empty messages array" time="0.002">
    </testcase>
    <testcase classname="LLM Providers CopilotClaudeProvider should throw error for invalid messages array" name="LLM Providers CopilotClaudeProvider should throw error for invalid messages array" time="0.001">
    </testcase>
    <testcase classname="LLM Providers CopilotClaudeProvider should throw error for messages without content" name="LLM Providers CopilotClaudeProvider should throw error for messages without content" time="0.001">
    </testcase>
    <testcase classname="LLM Providers createLLMProvider should create MistralProvider" name="LLM Providers createLLMProvider should create MistralProvider" time="0">
    </testcase>
    <testcase classname="LLM Providers createLLMProvider should create CopilotClaudeProvider" name="LLM Providers createLLMProvider should create CopilotClaudeProvider" time="0">
    </testcase>
    <testcase classname="LLM Providers createLLMProvider should throw error for unsupported provider" name="LLM Providers createLLMProvider should throw error for unsupported provider" time="0.001">
    </testcase>
  </testsuite>
</testsuites>