<?xml version="1.0" encoding="UTF-8"?>
<testsuites name="jest tests" tests="33" failures="0" errors="0" time="6.494">
  <testsuite name="LLM Providers" errors="0" failures="0" skipped="0" timestamp="2025-02-15T22:32:35" time="1.921" tests="10">
    <testcase classname="LLM Providers MistralProvider should make request with correct parameters" name="LLM Providers MistralProvider should make request with correct parameters" time="0.007">
    </testcase>
    <testcase classname="LLM Providers MistralProvider should handle API errors" name="LLM Providers MistralProvider should handle API errors" time="0.445">
    </testcase>
    <testcase classname="LLM Providers CopilotClaudeProvider should make request with correct parameters" name="LLM Providers CopilotClaudeProvider should make request with correct parameters" time="0.002">
    </testcase>
    <testcase classname="LLM Providers CopilotClaudeProvider should handle API errors" name="LLM Providers CopilotClaudeProvider should handle API errors" time="0.966">
    </testcase>
    <testcase classname="LLM Providers CopilotClaudeProvider should throw error for empty messages array" name="LLM Providers CopilotClaudeProvider should throw error for empty messages array" time="0.003">
    </testcase>
    <testcase classname="LLM Providers CopilotClaudeProvider should throw error for invalid messages array" name="LLM Providers CopilotClaudeProvider should throw error for invalid messages array" time="0.002">
    </testcase>
    <testcase classname="LLM Providers CopilotClaudeProvider should throw error for messages without content" name="LLM Providers CopilotClaudeProvider should throw error for messages without content" time="0.003">
    </testcase>
    <testcase classname="LLM Providers createLLMProvider should create MistralProvider" name="LLM Providers createLLMProvider should create MistralProvider" time="0.002">
    </testcase>
    <testcase classname="LLM Providers createLLMProvider should create CopilotClaudeProvider" name="LLM Providers createLLMProvider should create CopilotClaudeProvider" time="0.001">
    </testcase>
    <testcase classname="LLM Providers createLLMProvider should throw error for unsupported provider" name="LLM Providers createLLMProvider should throw error for unsupported provider" time="0.002">
    </testcase>
  </testsuite>
  <testsuite name="main" errors="0" failures="0" skipped="0" timestamp="2025-02-15T22:32:37" time="2.258" tests="2">
    <testcase classname="main should handle test instruction" name="main should handle test instruction" time="1.122">
    </testcase>
    <testcase classname="main should collect diffs after each attempt" name="main should collect diffs after each attempt" time="0.825">
    </testcase>
  </testsuite>
  <testsuite name="diff" errors="0" failures="0" skipped="0" timestamp="2025-02-15T22:32:39" time="1.809" tests="5">
    <testcase classname="diff should return the difference between two numbers" name="diff should return the difference between two numbers" time="0.001">
    </testcase>
    <testcase classname="diff should handle negative numbers" name="diff should handle negative numbers" time="0.001">
    </testcase>
    <testcase classname="diff should handle zero" name="diff should handle zero" time="0.001">
    </testcase>
    <testcase classname="diff functionality should generate and store diffs" name="diff functionality should generate and store diffs" time="0.775">
    </testcase>
    <testcase classname="diff functionality should clear diff buffer" name="diff functionality should clear diff buffer" time="0.948">
    </testcase>
  </testsuite>
  <testsuite name="Logger" errors="0" failures="0" skipped="0" timestamp="2025-02-15T22:32:41" time="0.091" tests="8">
    <testcase classname="Logger should truncate long strings" name="Logger should truncate long strings" time="0.007">
    </testcase>
    <testcase classname="Logger should not truncate short strings" name="Logger should not truncate short strings" time="0.001">
    </testcase>
    <testcase classname="Logger should handle non-string inputs" name="Logger should handle non-string inputs" time="0.001">
    </testcase>
    <testcase classname="Logger should handle undefined input" name="Logger should handle undefined input" time="0.001">
    </testcase>
    <testcase classname="Logger should handle null input" name="Logger should handle null input" time="0.001">
    </testcase>
    <testcase classname="Logger should handle circular references" name="Logger should handle circular references" time="0.001">
    </testcase>
    <testcase classname="Logger should format values correctly" name="Logger should format values correctly" time="0.001">
    </testcase>
    <testcase classname="Logger logging functions should not throw" name="Logger logging functions should not throw" time="0.001">
    </testcase>
  </testsuite>
  <testsuite name="utils" errors="0" failures="0" skipped="0" timestamp="2025-02-15T22:32:41" time="0.133" tests="6">
    <testcase classname="utils should return the sum of two numbers" name="utils should return the sum of two numbers" time="0.002">
    </testcase>
    <testcase classname="utils should return the product of two numbers" name="utils should return the product of two numbers" time="0.002">
    </testcase>
    <testcase classname="makeApiRequest should use Mistral by default" name="makeApiRequest should use Mistral by default" time="0.016">
    </testcase>
    <testcase classname="makeApiRequest should use Copilot-Claude when &lt;upgradeModel&gt; is present and API key available" name="makeApiRequest should use Copilot-Claude when &lt;upgradeModel&gt; is present and API key available" time="0.004">
    </testcase>
    <testcase classname="makeApiRequest should fallback to Mistral when &lt;upgradeModel&gt; is present but no Copilot API key" name="makeApiRequest should fallback to Mistral when &lt;upgradeModel&gt; is present but no Copilot API key" time="0.004">
    </testcase>
    <testcase classname="makeApiRequest should handle API errors" name="makeApiRequest should handle API errors" time="0.006">
    </testcase>
  </testsuite>
  <testsuite name="tools" errors="0" failures="0" skipped="0" timestamp="2025-02-15T22:32:41" time="0.128" tests="2">
    <testcase classname="tools should execute a command and return the output" name="tools should execute a command and return the output" time="0.02">
    </testcase>
    <testcase classname="tools should handle errors when executing a command" name="tools should handle errors when executing a command" time="0.02">
    </testcase>
  </testsuite>
</testsuites>