<?xml version="1.0" encoding="UTF-8"?>
<testsuites name="jest tests" tests="25" failures="2" errors="0" time="4.307">
  <testsuite name="tools" errors="0" failures="0" skipped="0" timestamp="2025-02-17T18:11:09" time="0.448" tests="2">
    <testcase classname="tools should execute a command and return the output" name="tools should execute a command and return the output" time="0.024">
    </testcase>
    <testcase classname="tools should handle errors when executing a command" name="tools should handle errors when executing a command" time="0.019">
    </testcase>
  </testsuite>
  <testsuite name="utils" errors="0" failures="0" skipped="0" timestamp="2025-02-17T18:11:10" time="0.098" tests="4">
    <testcase classname="utils should return the sum of two numbers" name="utils should return the sum of two numbers" time="0.001">
    </testcase>
    <testcase classname="utils should return the product of two numbers" name="utils should return the product of two numbers" time="0.001">
    </testcase>
    <testcase classname="makeApiRequest should use Mistral exclusively" name="makeApiRequest should use Mistral exclusively" time="0.012">
    </testcase>
    <testcase classname="makeApiRequest should handle API errors" name="makeApiRequest should handle API errors" time="0.01">
    </testcase>
  </testsuite>
  <testsuite name="LLM Providers" errors="0" failures="1" skipped="0" timestamp="2025-02-17T18:11:10" time="0.121" tests="4">
    <testcase classname="LLM Providers MistralProvider should make request with correct parameters" name="LLM Providers MistralProvider should make request with correct parameters" time="0.002">
    </testcase>
    <testcase classname="LLM Providers MistralProvider should handle API errors" name="LLM Providers MistralProvider should handle API errors" time="0.003">
      <failure>Error: expect(received).rejects.toThrow()

Received promise resolved instead of rejected
Resolved to value: {&quot;choices&quot;: [{&quot;finish_reason&quot;: &quot;stop&quot;, &quot;message&quot;: {&quot;content&quot;: &quot;Test response&quot;, &quot;role&quot;: &quot;assistant&quot;}}], &quot;model&quot;: &quot;codestral-latest&quot;, &quot;object&quot;: &quot;chat.completion&quot;}
    at expect (C:\dev\apptoapp\node_modules\expect\build\index.js:113:15)
    at Object.expect (C:\dev\apptoapp\src\test\providers.test.js:88:13)
    at Promise.then.completed (C:\dev\apptoapp\node_modules\jest-circus\build\utils.js:298:28)
    at new Promise (&lt;anonymous&gt;)
    at callAsyncCircusFn (C:\dev\apptoapp\node_modules\jest-circus\build\utils.js:231:10)
    at _callCircusTest (C:\dev\apptoapp\node_modules\jest-circus\build\run.js:316:40)
    at _runTest (C:\dev\apptoapp\node_modules\jest-circus\build\run.js:252:3)
    at _runTestsForDescribeBlock (C:\dev\apptoapp\node_modules\jest-circus\build\run.js:126:9)
    at _runTestsForDescribeBlock (C:\dev\apptoapp\node_modules\jest-circus\build\run.js:121:9)
    at _runTestsForDescribeBlock (C:\dev\apptoapp\node_modules\jest-circus\build\run.js:121:9)
    at run (C:\dev\apptoapp\node_modules\jest-circus\build\run.js:71:3)
    at runAndTransformResultsToJestFormat (C:\dev\apptoapp\node_modules\jest-circus\build\legacy-code-todo-rewrite\jestAdapterInit.js:122:21)
    at jestAdapter (C:\dev\apptoapp\node_modules\jest-circus\build\legacy-code-todo-rewrite\jestAdapter.js:79:19)
    at runTestInternal (C:\dev\apptoapp\node_modules\jest-runner\build\runTest.js:367:16)
    at runTest (C:\dev\apptoapp\node_modules\jest-runner\build\runTest.js:444:34)</failure>
    </testcase>
    <testcase classname="LLM Providers createLLMProvider should create MistralProvider" name="LLM Providers createLLMProvider should create MistralProvider" time="0.001">
    </testcase>
    <testcase classname="LLM Providers createLLMProvider should throw error for unsupported provider" name="LLM Providers createLLMProvider should throw error for unsupported provider" time="0.004">
    </testcase>
  </testsuite>
  <testsuite name="Logger" errors="0" failures="0" skipped="0" timestamp="2025-02-17T18:11:10" time="0.072" tests="8">
    <testcase classname="Logger should truncate long strings" name="Logger should truncate long strings" time="0.008">
    </testcase>
    <testcase classname="Logger should not truncate short strings" name="Logger should not truncate short strings" time="0.001">
    </testcase>
    <testcase classname="Logger should handle non-string inputs" name="Logger should handle non-string inputs" time="0.001">
    </testcase>
    <testcase classname="Logger should handle undefined input" name="Logger should handle undefined input" time="0.001">
    </testcase>
    <testcase classname="Logger should handle null input" name="Logger should handle null input" time="0.001">
    </testcase>
    <testcase classname="Logger should handle circular references" name="Logger should handle circular references" time="0.001">
    </testcase>
    <testcase classname="Logger should format values correctly" name="Logger should format values correctly" time="0.002">
    </testcase>
    <testcase classname="Logger logging functions should not throw" name="Logger logging functions should not throw" time="0.002">
    </testcase>
  </testsuite>
  <testsuite name="main" errors="0" failures="0" skipped="0" timestamp="2025-02-17T18:11:10" time="1.777" tests="2">
    <testcase classname="main should handle test instruction" name="main should handle test instruction" time="1.037">
    </testcase>
    <testcase classname="main should collect diffs after each attempt" name="main should collect diffs after each attempt" time="0.606">
    </testcase>
  </testsuite>
  <testsuite name="diff" errors="0" failures="1" skipped="0" timestamp="2025-02-17T18:11:12" time="1.634" tests="5">
    <testcase classname="diff should return the difference between two numbers" name="diff should return the difference between two numbers" time="0.001">
    </testcase>
    <testcase classname="diff should handle negative numbers" name="diff should handle negative numbers" time="0.001">
    </testcase>
    <testcase classname="diff should handle zero" name="diff should handle zero" time="0.001">
    </testcase>
    <testcase classname="diff functionality should generate and store diffs" name="diff functionality should generate and store diffs" time="0.852">
      <failure>Error: expect(received).toContain(expected) // indexOf

Expected substring: &quot;&lt;diff attempt=\&quot;1\&quot;&gt;&quot;
Received string:    &quot;&quot;
    at Object.toContain (C:\dev\apptoapp\src\test\files.test.js:83:17)</failure>
    </testcase>
    <testcase classname="diff functionality should clear diff buffer" name="diff functionality should clear diff buffer" time="0.701">
    </testcase>
  </testsuite>
</testsuites>