<?xml version="1.0" encoding="UTF-8"?>
<testsuites name="jest tests" tests="11" failures="1" errors="0" time="3.957">
  <testsuite name="main" errors="0" failures="0" skipped="0" timestamp="2025-02-15T18:19:36" time="2.305" tests="2">
    <testcase classname="main should handle test instruction" name="main should handle test instruction" time="1.033">
    </testcase>
    <testcase classname="main should collect diffs after each attempt" name="main should collect diffs after each attempt" time="0.608">
    </testcase>
  </testsuite>
  <testsuite name="diff" errors="0" failures="1" skipped="0" timestamp="2025-02-15T18:19:39" time="1.376" tests="5">
    <testcase classname="diff should return the difference between two numbers" name="diff should return the difference between two numbers" time="0.001">
    </testcase>
    <testcase classname="diff should handle negative numbers" name="diff should handle negative numbers" time="0.001">
    </testcase>
    <testcase classname="diff should handle zero" name="diff should handle zero" time="0.001">
    </testcase>
    <testcase classname="diff functionality should generate and store diffs" name="diff functionality should generate and store diffs" time="0.605">
      <failure>Error: expect(received).toContain(expected) // indexOf

Expected substring: &quot;&lt;diff count=\&quot;1\&quot;&gt;&quot;
Received string:    &quot;&lt;attemptDiff count=\&quot;1\&quot;&gt;diff --git a/test.txt b/test.txt
index cbc4e2e..268af4e 100644
--- a/test.txt
+++ b/test.txt
@@ -1 +1 @@
-initial content
\\ No newline at end of file
+modified content
\\ No newline at end of file
&lt;/attemptDiff&gt;&quot;
    at Object.toContain (C:\dev\apptoapp\src\test\files.test.js:79:17)</failure>
    </testcase>
    <testcase classname="diff functionality should clear diff buffer" name="diff functionality should clear diff buffer" time="0.664">
    </testcase>
  </testsuite>
  <testsuite name="tools" errors="0" failures="0" skipped="0" timestamp="2025-02-15T18:19:40" time="0.113" tests="2">
    <testcase classname="tools should execute a command and return the output" name="tools should execute a command and return the output" time="0.018">
    </testcase>
    <testcase classname="tools should handle errors when executing a command" name="tools should handle errors when executing a command" time="0.019">
    </testcase>
  </testsuite>
  <testsuite name="utils" errors="0" failures="0" skipped="0" timestamp="2025-02-15T18:19:40" time="0.073" tests="2">
    <testcase classname="utils should return the sum of two numbers" name="utils should return the sum of two numbers" time="0.001">
    </testcase>
    <testcase classname="utils should return the product of two numbers" name="utils should return the product of two numbers" time="0">
    </testcase>
  </testsuite>
</testsuites>