<?xml version="1.0" encoding="UTF-8"?>
<testsuites name="jest tests" tests="11" failures="2" errors="0" time="8.066">
  <testsuite name="main" errors="0" failures="0" skipped="0" timestamp="2025-02-15T18:18:56" time="6.391" tests="2">
    <testcase classname="main should handle test instruction" name="main should handle test instruction" time="3.848">
    </testcase>
    <testcase classname="main should collect diffs after each attempt" name="main should collect diffs after each attempt" time="1.858">
    </testcase>
  </testsuite>
  <testsuite name="diff" errors="0" failures="2" skipped="0" timestamp="2025-02-15T18:19:02" time="1.332" tests="5">
    <testcase classname="diff should return the difference between two numbers" name="diff should return the difference between two numbers" time="0.001">
    </testcase>
    <testcase classname="diff should handle negative numbers" name="diff should handle negative numbers" time="0.001">
    </testcase>
    <testcase classname="diff should handle zero" name="diff should handle zero" time="0.001">
    </testcase>
    <testcase classname="diff functionality should generate and store diffs" name="diff functionality should generate and store diffs" time="0.616">
      <failure>TypeError: getDiffsAsXML is not a function
    at Object.getDiffsAsXML (C:\dev\apptoapp\src\test\files.test.js:78:17)</failure>
    </testcase>
    <testcase classname="diff functionality should clear diff buffer" name="diff functionality should clear diff buffer" time="0.601">
      <failure>TypeError: getDiffsAsXML is not a function
    at Object.getDiffsAsXML (C:\dev\apptoapp\src\test\files.test.js:94:17)</failure>
    </testcase>
  </testsuite>
  <testsuite name="tools" errors="0" failures="0" skipped="0" timestamp="2025-02-15T18:19:04" time="0.165" tests="2">
    <testcase classname="tools should execute a command and return the output" name="tools should execute a command and return the output" time="0.031">
    </testcase>
    <testcase classname="tools should handle errors when executing a command" name="tools should handle errors when executing a command" time="0.045">
    </testcase>
  </testsuite>
  <testsuite name="utils" errors="0" failures="0" skipped="0" timestamp="2025-02-15T18:19:04" time="0.083" tests="2">
    <testcase classname="utils should return the sum of two numbers" name="utils should return the sum of two numbers" time="0.001">
    </testcase>
    <testcase classname="utils should return the product of two numbers" name="utils should return the product of two numbers" time="0.002">
    </testcase>
  </testsuite>
</testsuites>