<?xml version="1.0" encoding="UTF-8"?>
<testsuites name="jest tests" tests="24" failures="10" errors="0" time="4.182">
  <testsuite name="logger" errors="0" failures="10" skipped="0" timestamp="2025-02-15T18:51:13" time="0.596" tests="13">
    <testcase classname="logger should format log prefix correctly" name="logger should format log prefix correctly" time="0.003">
      <failure>TypeError: logger.formatPrefix is not a function
    at Object.formatPrefix (C:\dev\apptoapp\src\test\logger.test.js:45:27)
    at Promise.then.completed (C:\dev\apptoapp\node_modules\jest-circus\build\utils.js:298:28)
    at new Promise (&lt;anonymous&gt;)
    at callAsyncCircusFn (C:\dev\apptoapp\node_modules\jest-circus\build\utils.js:231:10)
    at _callCircusTest (C:\dev\apptoapp\node_modules\jest-circus\build\run.js:316:40)
    at _runTest (C:\dev\apptoapp\node_modules\jest-circus\build\run.js:252:3)
    at _runTestsForDescribeBlock (C:\dev\apptoapp\node_modules\jest-circus\build\run.js:126:9)
    at _runTestsForDescribeBlock (C:\dev\apptoapp\node_modules\jest-circus\build\run.js:121:9)
    at run (C:\dev\apptoapp\node_modules\jest-circus\build\run.js:71:3)
    at runAndTransformResultsToJestFormat (C:\dev\apptoapp\node_modules\jest-circus\build\legacy-code-todo-rewrite\jestAdapterInit.js:122:21)
    at jestAdapter (C:\dev\apptoapp\node_modules\jest-circus\build\legacy-code-todo-rewrite\jestAdapter.js:79:19)
    at runTestInternal (C:\dev\apptoapp\node_modules\jest-runner\build\runTest.js:367:16)
    at runTest (C:\dev\apptoapp\node_modules\jest-runner\build\runTest.js:444:34)</failure>
    </testcase>
    <testcase classname="logger should log info messages" name="logger should log info messages" time="0.003">
      <failure>Error: expect(jest.fn()).toHaveBeenCalledWith(...expected)

Expected: &quot;‚ÑπÔ∏è [2025-01-01T00:00:00.000Z] INFO    &quot;, &quot;Test info message&quot;

Number of calls: 0
    at Object.toHaveBeenCalledWith (C:\dev\apptoapp\src\test\logger.test.js:52:27)
    at Promise.then.completed (C:\dev\apptoapp\node_modules\jest-circus\build\utils.js:298:28)
    at new Promise (&lt;anonymous&gt;)
    at callAsyncCircusFn (C:\dev\apptoapp\node_modules\jest-circus\build\utils.js:231:10)
    at _callCircusTest (C:\dev\apptoapp\node_modules\jest-circus\build\run.js:316:40)
    at _runTest (C:\dev\apptoapp\node_modules\jest-circus\build\run.js:252:3)
    at _runTestsForDescribeBlock (C:\dev\apptoapp\node_modules\jest-circus\build\run.js:126:9)
    at _runTestsForDescribeBlock (C:\dev\apptoapp\node_modules\jest-circus\build\run.js:121:9)
    at run (C:\dev\apptoapp\node_modules\jest-circus\build\run.js:71:3)
    at runAndTransformResultsToJestFormat (C:\dev\apptoapp\node_modules\jest-circus\build\legacy-code-todo-rewrite\jestAdapterInit.js:122:21)
    at jestAdapter (C:\dev\apptoapp\node_modules\jest-circus\build\legacy-code-todo-rewrite\jestAdapter.js:79:19)
    at runTestInternal (C:\dev\apptoapp\node_modules\jest-runner\build\runTest.js:367:16)
    at runTest (C:\dev\apptoapp\node_modules\jest-runner\build\runTest.js:444:34)</failure>
    </testcase>
    <testcase classname="logger should log success messages" name="logger should log success messages" time="0.002">
      <failure>Error: expect(jest.fn()).toHaveBeenCalledWith(...expected)

Expected: &quot;‚úÖ [2025-01-01T00:00:00.000Z] SUCCESS &quot;, &quot;Test success message&quot;

Number of calls: 0
    at Object.toHaveBeenCalledWith (C:\dev\apptoapp\src\test\logger.test.js:60:27)
    at Promise.then.completed (C:\dev\apptoapp\node_modules\jest-circus\build\utils.js:298:28)
    at new Promise (&lt;anonymous&gt;)
    at callAsyncCircusFn (C:\dev\apptoapp\node_modules\jest-circus\build\utils.js:231:10)
    at _callCircusTest (C:\dev\apptoapp\node_modules\jest-circus\build\run.js:316:40)
    at _runTest (C:\dev\apptoapp\node_modules\jest-circus\build\run.js:252:3)
    at _runTestsForDescribeBlock (C:\dev\apptoapp\node_modules\jest-circus\build\run.js:126:9)
    at _runTestsForDescribeBlock (C:\dev\apptoapp\node_modules\jest-circus\build\run.js:121:9)
    at run (C:\dev\apptoapp\node_modules\jest-circus\build\run.js:71:3)
    at runAndTransformResultsToJestFormat (C:\dev\apptoapp\node_modules\jest-circus\build\legacy-code-todo-rewrite\jestAdapterInit.js:122:21)
    at jestAdapter (C:\dev\apptoapp\node_modules\jest-circus\build\legacy-code-todo-rewrite\jestAdapter.js:79:19)
    at runTestInternal (C:\dev\apptoapp\node_modules\jest-runner\build\runTest.js:367:16)
    at runTest (C:\dev\apptoapp\node_modules\jest-runner\build\runTest.js:444:34)</failure>
    </testcase>
    <testcase classname="logger should log warning messages" name="logger should log warning messages" time="0.001">
      <failure>Error: expect(jest.fn()).toHaveBeenCalledWith(...expected)

Expected: &quot;‚ö†Ô∏è [2025-01-01T00:00:00.000Z] WARNING &quot;, &quot;Test warning message&quot;

Number of calls: 0
    at Object.toHaveBeenCalledWith (C:\dev\apptoapp\src\test\logger.test.js:68:27)
    at Promise.then.completed (C:\dev\apptoapp\node_modules\jest-circus\build\utils.js:298:28)
    at new Promise (&lt;anonymous&gt;)
    at callAsyncCircusFn (C:\dev\apptoapp\node_modules\jest-circus\build\utils.js:231:10)
    at _callCircusTest (C:\dev\apptoapp\node_modules\jest-circus\build\run.js:316:40)
    at _runTest (C:\dev\apptoapp\node_modules\jest-circus\build\run.js:252:3)
    at _runTestsForDescribeBlock (C:\dev\apptoapp\node_modules\jest-circus\build\run.js:126:9)
    at _runTestsForDescribeBlock (C:\dev\apptoapp\node_modules\jest-circus\build\run.js:121:9)
    at run (C:\dev\apptoapp\node_modules\jest-circus\build\run.js:71:3)
    at runAndTransformResultsToJestFormat (C:\dev\apptoapp\node_modules\jest-circus\build\legacy-code-todo-rewrite\jestAdapterInit.js:122:21)
    at jestAdapter (C:\dev\apptoapp\node_modules\jest-circus\build\legacy-code-todo-rewrite\jestAdapter.js:79:19)
    at runTestInternal (C:\dev\apptoapp\node_modules\jest-runner\build\runTest.js:367:16)
    at runTest (C:\dev\apptoapp\node_modules\jest-runner\build\runTest.js:444:34)</failure>
    </testcase>
    <testcase classname="logger should log error messages" name="logger should log error messages" time="0.001">
      <failure>Error: expect(jest.fn()).toHaveBeenCalledWith(...expected)

Expected: &quot;‚ùå [2025-01-01T00:00:00.000Z] ERROR  &quot;, &quot;Test error message&quot;

Number of calls: 0
    at Object.toHaveBeenCalledWith (C:\dev\apptoapp\src\test\logger.test.js:76:27)
    at Promise.then.completed (C:\dev\apptoapp\node_modules\jest-circus\build\utils.js:298:28)
    at new Promise (&lt;anonymous&gt;)
    at callAsyncCircusFn (C:\dev\apptoapp\node_modules\jest-circus\build\utils.js:231:10)
    at _callCircusTest (C:\dev\apptoapp\node_modules\jest-circus\build\run.js:316:40)
    at _runTest (C:\dev\apptoapp\node_modules\jest-circus\build\run.js:252:3)
    at _runTestsForDescribeBlock (C:\dev\apptoapp\node_modules\jest-circus\build\run.js:126:9)
    at _runTestsForDescribeBlock (C:\dev\apptoapp\node_modules\jest-circus\build\run.js:121:9)
    at run (C:\dev\apptoapp\node_modules\jest-circus\build\run.js:71:3)
    at runAndTransformResultsToJestFormat (C:\dev\apptoapp\node_modules\jest-circus\build\legacy-code-todo-rewrite\jestAdapterInit.js:122:21)
    at jestAdapter (C:\dev\apptoapp\node_modules\jest-circus\build\legacy-code-todo-rewrite\jestAdapter.js:79:19)
    at runTestInternal (C:\dev\apptoapp\node_modules\jest-runner\build\runTest.js:367:16)
    at runTest (C:\dev\apptoapp\node_modules\jest-runner\build\runTest.js:444:34)</failure>
    </testcase>
    <testcase classname="logger should log debug messages" name="logger should log debug messages" time="0.002">
      <failure>Error: expect(jest.fn()).toHaveBeenCalledWith(...expected)

Expected: &quot;üîç [2025-01-01T00:00:00.000Z] DEBUG  &quot;, &quot;Test debug message&quot;

Number of calls: 0
    at Object.toHaveBeenCalledWith (C:\dev\apptoapp\src\test\logger.test.js:84:27)
    at Promise.then.completed (C:\dev\apptoapp\node_modules\jest-circus\build\utils.js:298:28)
    at new Promise (&lt;anonymous&gt;)
    at callAsyncCircusFn (C:\dev\apptoapp\node_modules\jest-circus\build\utils.js:231:10)
    at _callCircusTest (C:\dev\apptoapp\node_modules\jest-circus\build\run.js:316:40)
    at _runTest (C:\dev\apptoapp\node_modules\jest-circus\build\run.js:252:3)
    at _runTestsForDescribeBlock (C:\dev\apptoapp\node_modules\jest-circus\build\run.js:126:9)
    at _runTestsForDescribeBlock (C:\dev\apptoapp\node_modules\jest-circus\build\run.js:121:9)
    at run (C:\dev\apptoapp\node_modules\jest-circus\build\run.js:71:3)
    at runAndTransformResultsToJestFormat (C:\dev\apptoapp\node_modules\jest-circus\build\legacy-code-todo-rewrite\jestAdapterInit.js:122:21)
    at jestAdapter (C:\dev\apptoapp\node_modules\jest-circus\build\legacy-code-todo-rewrite\jestAdapter.js:79:19)
    at runTestInternal (C:\dev\apptoapp\node_modules\jest-runner\build\runTest.js:367:16)
    at runTest (C:\dev\apptoapp\node_modules\jest-runner\build\runTest.js:444:34)</failure>
    </testcase>
    <testcase classname="logger should log system messages" name="logger should log system messages" time="0.002">
      <failure>Error: expect(jest.fn()).toHaveBeenCalledWith(...expected)

Expected: &quot;‚öôÔ∏è [2025-01-01T00:00:00.000Z] SYSTEM &quot;, &quot;Test system message&quot;

Number of calls: 0
    at Object.toHaveBeenCalledWith (C:\dev\apptoapp\src\test\logger.test.js:92:27)
    at Promise.then.completed (C:\dev\apptoapp\node_modules\jest-circus\build\utils.js:298:28)
    at new Promise (&lt;anonymous&gt;)
    at callAsyncCircusFn (C:\dev\apptoapp\node_modules\jest-circus\build\utils.js:231:10)
    at _callCircusTest (C:\dev\apptoapp\node_modules\jest-circus\build\run.js:316:40)
    at _runTest (C:\dev\apptoapp\node_modules\jest-circus\build\run.js:252:3)
    at _runTestsForDescribeBlock (C:\dev\apptoapp\node_modules\jest-circus\build\run.js:126:9)
    at _runTestsForDescribeBlock (C:\dev\apptoapp\node_modules\jest-circus\build\run.js:121:9)
    at run (C:\dev\apptoapp\node_modules\jest-circus\build\run.js:71:3)
    at runAndTransformResultsToJestFormat (C:\dev\apptoapp\node_modules\jest-circus\build\legacy-code-todo-rewrite\jestAdapterInit.js:122:21)
    at jestAdapter (C:\dev\apptoapp\node_modules\jest-circus\build\legacy-code-todo-rewrite\jestAdapter.js:79:19)
    at runTestInternal (C:\dev\apptoapp\node_modules\jest-runner\build\runTest.js:367:16)
    at runTest (C:\dev\apptoapp\node_modules\jest-runner\build\runTest.js:444:34)</failure>
    </testcase>
    <testcase classname="logger should log git messages" name="logger should log git messages" time="0.001">
      <failure>Error: expect(jest.fn()).toHaveBeenCalledWith(...expected)

Expected: &quot;üì¶ [2025-01-01T00:00:00.000Z] GIT   &quot;, &quot;Test git message&quot;

Number of calls: 0
    at Object.toHaveBeenCalledWith (C:\dev\apptoapp\src\test\logger.test.js:100:27)
    at Promise.then.completed (C:\dev\apptoapp\node_modules\jest-circus\build\utils.js:298:28)
    at new Promise (&lt;anonymous&gt;)
    at callAsyncCircusFn (C:\dev\apptoapp\node_modules\jest-circus\build\utils.js:231:10)
    at _callCircusTest (C:\dev\apptoapp\node_modules\jest-circus\build\run.js:316:40)
    at _runTest (C:\dev\apptoapp\node_modules\jest-circus\build\run.js:252:3)
    at _runTestsForDescribeBlock (C:\dev\apptoapp\node_modules\jest-circus\build\run.js:126:9)
    at _runTestsForDescribeBlock (C:\dev\apptoapp\node_modules\jest-circus\build\run.js:121:9)
    at run (C:\dev\apptoapp\node_modules\jest-circus\build\run.js:71:3)
    at runAndTransformResultsToJestFormat (C:\dev\apptoapp\node_modules\jest-circus\build\legacy-code-todo-rewrite\jestAdapterInit.js:122:21)
    at jestAdapter (C:\dev\apptoapp\node_modules\jest-circus\build\legacy-code-todo-rewrite\jestAdapter.js:79:19)
    at runTestInternal (C:\dev\apptoapp\node_modules\jest-runner\build\runTest.js:367:16)
    at runTest (C:\dev\apptoapp\node_modules\jest-runner\build\runTest.js:444:34)</failure>
    </testcase>
    <testcase classname="logger should log file messages" name="logger should log file messages" time="0.001">
      <failure>Error: expect(jest.fn()).toHaveBeenCalledWith(...expected)

Expected: &quot;üìÑ [2025-01-01T00:00:00.000Z] FILE  &quot;, &quot;Test file message&quot;

Number of calls: 0
    at Object.toHaveBeenCalledWith (C:\dev\apptoapp\src\test\logger.test.js:108:27)
    at Promise.then.completed (C:\dev\apptoapp\node_modules\jest-circus\build\utils.js:298:28)
    at new Promise (&lt;anonymous&gt;)
    at callAsyncCircusFn (C:\dev\apptoapp\node_modules\jest-circus\build\utils.js:231:10)
    at _callCircusTest (C:\dev\apptoapp\node_modules\jest-circus\build\run.js:316:40)
    at _runTest (C:\dev\apptoapp\node_modules\jest-circus\build\run.js:252:3)
    at _runTestsForDescribeBlock (C:\dev\apptoapp\node_modules\jest-circus\build\run.js:126:9)
    at _runTestsForDescribeBlock (C:\dev\apptoapp\node_modules\jest-circus\build\run.js:121:9)
    at run (C:\dev\apptoapp\node_modules\jest-circus\build\run.js:71:3)
    at runAndTransformResultsToJestFormat (C:\dev\apptoapp\node_modules\jest-circus\build\legacy-code-todo-rewrite\jestAdapterInit.js:122:21)
    at jestAdapter (C:\dev\apptoapp\node_modules\jest-circus\build\legacy-code-todo-rewrite\jestAdapter.js:79:19)
    at runTestInternal (C:\dev\apptoapp\node_modules\jest-runner\build\runTest.js:367:16)
    at runTest (C:\dev\apptoapp\node_modules\jest-runner\build\runTest.js:444:34)</failure>
    </testcase>
    <testcase classname="logger should truncate long strings" name="logger should truncate long strings" time="0.001">
      <failure>Error: expect(jest.fn()).toHaveBeenCalledWith(...expected)

Expected: &quot;‚ÑπÔ∏è [2025-01-01T00:00:00.000Z] INFO    &quot;, &quot;aaaaaaaaaaaaaaaaaaaaaaaaaaaaaaaaaaaaaaaaaaaaaaaaaaaaaaaaaaaaaaaaaaaaaaaaaaaaaaaaaaaaaaaaaaaaaaaaaaaaaaaaaaaaaaaaaaaaaaaaaaaaaaaaaaaaaaaaaaaaaaaaaaaaaaaaaaaaaaaaaaaaaaaaaaaaaaaaaaaaaaaaaaaaaaaaaaaaaaaaaaaaaaaaaaaaaaaaaaaaaaaaaaaaaaaaaaaaaaaaaaaaaaaaaaaaaaaaaaaaaaaaaaaaaaaaaaaaaaaaaaaaaaaaaaaaaaaaaaaaaaaaaaaaaaaaaaaaaaaaaaaaaaaaaaaaaaaaaaaaaaaaaaaaaaaaaaaaaaaaaaaaaaaaaaaaaaaaaaaaaaaaaaaaaaaaaaaaaaaaaaaaaaaaaaaaaaaaaaaaaaaaaaaaaaaaaaaaaaaaaaaaaaaaaaaaaaaaaaaaaaaaaaaaaaaaaaaaaaaaaaaaaaaaaaaaaaaaaaaa‚ü™ 100 characters skipped ‚ü´&quot;

Number of calls: 0
    at Object.toHaveBeenCalledWith (C:\dev\apptoapp\src\test\logger.test.js:117:27)
    at Promise.then.completed (C:\dev\apptoapp\node_modules\jest-circus\build\utils.js:298:28)
    at new Promise (&lt;anonymous&gt;)
    at callAsyncCircusFn (C:\dev\apptoapp\node_modules\jest-circus\build\utils.js:231:10)
    at _callCircusTest (C:\dev\apptoapp\node_modules\jest-circus\build\run.js:316:40)
    at _runTest (C:\dev\apptoapp\node_modules\jest-circus\build\run.js:252:3)
    at _runTestsForDescribeBlock (C:\dev\apptoapp\node_modules\jest-circus\build\run.js:126:9)
    at _runTestsForDescribeBlock (C:\dev\apptoapp\node_modules\jest-circus\build\run.js:121:9)
    at run (C:\dev\apptoapp\node_modules\jest-circus\build\run.js:71:3)
    at runAndTransformResultsToJestFormat (C:\dev\apptoapp\node_modules\jest-circus\build\legacy-code-todo-rewrite\jestAdapterInit.js:122:21)
    at jestAdapter (C:\dev\apptoapp\node_modules\jest-circus\build\legacy-code-todo-rewrite\jestAdapter.js:79:19)
    at runTestInternal (C:\dev\apptoapp\node_modules\jest-runner\build\runTest.js:367:16)
    at runTest (C:\dev\apptoapp\node_modules\jest-runner\build\runTest.js:444:34)</failure>
    </testcase>
    <testcase classname="logger should format objects and arrays" name="logger should format objects and arrays" time="0.002">
    </testcase>
    <testcase classname="logger should format multiline strings" name="logger should format multiline strings" time="0.001">
    </testcase>
    <testcase classname="logger should format arrays with more than MAX_ARRAY_LENGTH items" name="logger should format arrays with more than MAX_ARRAY_LENGTH items" time="0.007">
    </testcase>
  </testsuite>
  <testsuite name="main" errors="0" failures="0" skipped="0" timestamp="2025-02-15T18:51:14" time="1.929" tests="2">
    <testcase classname="main should handle test instruction" name="main should handle test instruction" time="1.033">
    </testcase>
    <testcase classname="main should collect diffs after each attempt" name="main should collect diffs after each attempt" time="0.613">
    </testcase>
  </testsuite>
  <testsuite name="diff" errors="0" failures="0" skipped="0" timestamp="2025-02-15T18:51:16" time="1.373" tests="5">
    <testcase classname="diff should return the difference between two numbers" name="diff should return the difference between two numbers" time="0.001">
    </testcase>
    <testcase classname="diff should handle negative numbers" name="diff should handle negative numbers" time="0.001">
    </testcase>
    <testcase classname="diff should handle zero" name="diff should handle zero" time="0.001">
    </testcase>
    <testcase classname="diff functionality should generate and store diffs" name="diff functionality should generate and store diffs" time="0.671">
    </testcase>
    <testcase classname="diff functionality should clear diff buffer" name="diff functionality should clear diff buffer" time="0.611">
    </testcase>
  </testsuite>
  <testsuite name="tools" errors="0" failures="0" skipped="0" timestamp="2025-02-15T18:51:17" time="0.116" tests="2">
    <testcase classname="tools should execute a command and return the output" name="tools should execute a command and return the output" time="0.025">
    </testcase>
    <testcase classname="tools should handle errors when executing a command" name="tools should handle errors when executing a command" time="0.019">
    </testcase>
  </testsuite>
  <testsuite name="utils" errors="0" failures="0" skipped="0" timestamp="2025-02-15T18:51:17" time="0.065" tests="2">
    <testcase classname="utils should return the sum of two numbers" name="utils should return the sum of two numbers" time="0.002">
    </testcase>
    <testcase classname="utils should return the product of two numbers" name="utils should return the product of two numbers" time="0.001">
    </testcase>
  </testsuite>
</testsuites>